#
# A fatal error has been detected by the Java Runtime Environment:
#
#  EXCEPTION_ACCESS_VIOLATION (0xc0000005) at pc=0x1f5a32fe, pid=3748, tid=4064
#
# JRE version: 6.0_17-b04
# Java VM: Java HotSpot(TM) Client VM (14.3-b01 mixed mode windows-x86 )
# Problematic frame:
# C  0x1f5a32fe
#
# If you would like to submit a bug report, please visit:
#   http://java.sun.com/webapps/bugreport/crash.jsp
# The crash happened outside the Java Virtual Machine in native code.
# See problematic frame for where to report the bug.
#

---------------  T H R E A D  ---------------

Current thread (0x0c25e000):  JavaThread "AWT-Windows" daemon [_thread_in_native, id=4064, stack(0x0c620000,0x0c6a0000)]

siginfo: ExceptionCode=0xc0000005, reading address 0x00000024

Registers:
EAX=0x00000000, EBX=0x0c69f828, ECX=0x00000000, EDX=0x7c92e514
ESP=0x0c69f7f8, EBP=0x00000000, ESI=0x000c4e28, EDI=0x000007f1
EIP=0x1f5a32fe, EFLAGS=0x00010246

Top of Stack: (sp=0x0c69f7f8)
0x0c69f7f8:   0c69f8e0 000c4e28 00000000 1f5a0ed7
0x0c69f808:   06f426b0 000c4e28 00000000 1f5a0fc2
0x0c69f818:   000007f1 000f011a 00000000 77d188a6
0x0c69f828:   00000000 1f5a0dcb 000c4e28 000f011a
0x0c69f838:   000007f1 00000000 00000000 0c69f8c4
0x0c69f848:   0c69f888 00000000 1f5a0e3d 00000000
0x0c69f858:   00000000 1f5a0de0 77d18734 000f011a
0x0c69f868:   000007f1 00000000 00000000 1f5a0de0 

Instructions: (pc=0x1f5a32fe)
0x1f5a32ee:   b4 6b 1f 85 c0 75 1f 8b 4e 0c 88 86 bc 08 00 00
0x1f5a32fe:   39 41 24 74 11 8b 56 08 50 50 68 f0 07 00 00 52 


Stack: [0x0c620000,0x0c6a0000],  sp=0x0c69f7f8,  free space=509k
Native frames: (J=compiled Java code, j=interpreted, Vv=VM code, C=native code)
C  0x1f5a32fe

[error occurred during error reporting (printing native stack), id 0xc0000005]

Java frames: (J=compiled Java code, j=interpreted, Vv=VM code)
j  sun.awt.windows.WToolkit.eventLoop()V+0
j  sun.awt.windows.WToolkit.run()V+69
j  java.lang.Thread.run()V+11
v  ~StubRoutines::call_stub

---------------  P R O C E S S  ---------------

Java Threads: ( => current thread )
  0x0cb5b400 JavaThread "RequestQueue for GenericFileList" [_thread_blocked, id=476, stack(0x21bb0000,0x21c30000)]
  0x0cc23400 JavaThread "Code Analyzer updating thread" [_thread_blocked, id=3848, stack(0x06eb0000,0x06f30000)]
  0x0cd54800 JavaThread "Active Reference Queue Daemon" daemon [_thread_blocked, id=3288, stack(0x06e30000,0x06eb0000)]
  0x0cbc4c00 JavaThread "Timer-23" daemon [_thread_blocked, id=3284, stack(0x06db0000,0x06e30000)]
  0x0d40b400 JavaThread "Foxtrot Single Worker Thread #1" daemon [_thread_blocked, id=3240, stack(0x0dcc0000,0x0dd40000)]
  0x0cc96c00 JavaThread "Timer-6" daemon [_thread_blocked, id=2372, stack(0x0e120000,0x0e1a0000)]
  0x0c9b2400 JavaThread "Prefs Updater" daemon [_thread_blocked, id=2064, stack(0x0df20000,0x0dfa0000)]
  0x0c95d400 JavaThread "Timer-1" [_thread_blocked, id=2088, stack(0x0dea0000,0x0df20000)]
  0x0c8be400 JavaThread "FelixPackageAdmin" daemon [_thread_blocked, id=2296, stack(0x0dbc0000,0x0dc40000)]
  0x0c82c400 JavaThread "FelixStartLevel" daemon [_thread_blocked, id=2292, stack(0x0db40000,0x0dbc0000)]
  0x0c875800 JavaThread "FelixDispatchQueue" daemon [_thread_blocked, id=2288, stack(0x0dac0000,0x0db40000)]
  0x0c249400 JavaThread "TimerQueue" daemon [_thread_blocked, id=1072, stack(0x0eb70000,0x0ebf0000)]
  0x0c8a5800 JavaThread "AWT-EventQueue-0" [_thread_in_native, id=244, stack(0x0d8a0000,0x0d920000)]
  0x0c8a5400 JavaThread "AWT-Shutdown" [_thread_blocked, id=296, stack(0x0d720000,0x0d7a0000)]
  0x0c851400 JavaThread "com.google.common.base.internal.Finalizer" daemon [_thread_blocked, id=2044, stack(0x0d820000,0x0d8a0000)]
  0x0c266400 JavaThread "Timer-0" [_thread_blocked, id=4072, stack(0x0c6a0000,0x0c720000)]
=>0x0c25e000 JavaThread "AWT-Windows" daemon [_thread_in_native, id=4064, stack(0x0c620000,0x0c6a0000)]
  0x0c25c400 JavaThread "Java2D Disposer" daemon [_thread_blocked, id=4056, stack(0x0c520000,0x0c5a0000)]
  0x07a6c400 JavaThread "JMI Unnamed Thread" [_thread_in_native, id=3828, stack(0x04db0000,0x055b0000)]
  0x07a4bc00 JavaThread "Low Memory Detector" daemon [_thread_blocked, id=3972, stack(0x0ad50000,0x0add0000)]
  0x07a40c00 JavaThread "CompilerThread0" daemon [_thread_blocked, id=3968, stack(0x0a550000,0x0ad50000)]
  0x07a5cc00 JavaThread "Attach Listener" daemon [_thread_blocked, id=3964, stack(0x0a4d0000,0x0a550000)]
  0x07a30800 JavaThread "Finalizer" daemon [_thread_blocked, id=3940, stack(0x0a450000,0x0a4d0000)]
  0x07a2bc00 JavaThread "Reference Handler" daemon [_thread_blocked, id=3936, stack(0x0a3d0000,0x0a450000)]
  0x0446f800 JavaThread "main" [_thread_in_native, id=3752, stack(0x00430000,0x00c30000)]

Other Threads:
  0x07a28c00 VMThread [stack: 0x09bd0000,0x0a3d0000] [id=3924]
  0x07a56000 WatcherThread [stack: 0x0add0000,0x0b5d0000] [id=3976]

VM state:not at safepoint (normal execution)

VM Mutex/Monitor currently owned by a thread: None

Heap
 def new generation   total 19264K, used 5806K [0x10010000, 0x114f0000, 0x12010000)
  eden space 17152K,  29% used [0x10010000, 0x104feae0, 0x110d0000)
  from space 2112K,  35% used [0x110d0000, 0x1118cdf0, 0x112e0000)
  to   space 2112K,   0% used [0x112e0000, 0x112e0000, 0x114f0000)
 tenured generation   total 63996K, used 59780K [0x12010000, 0x15e8f000, 0x18010000)
   the space 63996K,  93% used [0x12010000, 0x15a71220, 0x15a71400, 0x15e8f000)
 compacting perm gen  total 39680K, used 39519K [0x18010000, 0x1a6d0000, 0x1c010000)
   the space 39680K,  99% used [0x18010000, 0x1a6a7d70, 0x1a6a7e00, 0x1a6d0000)
No shared spaces configured.

Dynamic libraries:
0x00400000 - 0x00426000 	D:\MATLAB_installed\R2011b\bin\win32\MATLAB.exe
0x7c920000 - 0x7c9b6000 	C:\WINDOWS\system32\ntdll.dll
0x7c800000 - 0x7c91d000 	C:\WINDOWS\system32\kernel32.dll
0x7ef10000 - 0x7efc8000 	D:\MATLAB_installed\R2011b\bin\win32\libut.dll
0x7dce0000 - 0x7dd4a000 	D:\MATLAB_installed\R2011b\bin\win32\libmwi18n.dll
0x10000000 - 0x10009000 	D:\MATLAB_installed\R2011b\bin\win32\libmwresource_core.dll
0x78480000 - 0x7850e000 	C:\WINDOWS\WinSxS\x86_Microsoft.VC90.CRT_1fc8b3b9a1e18e3b_9.0.30729.6161_x-ww_31a54e43\MSVCP90.dll
0x78520000 - 0x785c3000 	C:\WINDOWS\WinSxS\x86_Microsoft.VC90.CRT_1fc8b3b9a1e18e3b_9.0.30729.6161_x-ww_31a54e43\MSVCR90.dll
0x736b0000 - 0x736d3000 	D:\MATLAB_installed\R2011b\bin\win32\boost_filesystem-vc90-mt-1_44.dll
0x73f70000 - 0x73f77000 	D:\MATLAB_installed\R2011b\bin\win32\boost_system-vc90-mt-1_44.dll
0x77da0000 - 0x77e49000 	C:\WINDOWS\system32\ADVAPI32.dll
0x77e50000 - 0x77ee2000 	C:\WINDOWS\system32\RPCRT4.dll
0x77fc0000 - 0x77fd1000 	C:\WINDOWS\system32\Secur32.dll
0x73550000 - 0x7356f000 	D:\MATLAB_installed\R2011b\bin\win32\LIBEXPAT.dll
0x72eb0000 - 0x73035000 	D:\MATLAB_installed\R2011b\bin\win32\icuin44.dll
0x7ea10000 - 0x7eb2f000 	D:\MATLAB_installed\R2011b\bin\win32\icuuc44.dll
0x00c30000 - 0x01a71000 	D:\MATLAB_installed\R2011b\bin\win32\icudt44.dll
0x00300000 - 0x003d9000 	D:\MATLAB_installed\R2011b\bin\win32\libmwfl.dll
0x73cd0000 - 0x73e78000 	D:\MATLAB_installed\R2011b\bin\win32\libmwMATLAB_res.dll
0x01a80000 - 0x01a8e000 	D:\MATLAB_installed\R2011b\bin\win32\boost_date_time-vc90-mt-1_44.dll
0x73c80000 - 0x73c8f000 	D:\MATLAB_installed\R2011b\bin\win32\boost_signals-vc90-mt-1_44.dll
0x01ab0000 - 0x01abe000 	D:\MATLAB_installed\R2011b\bin\win32\boost_thread-vc90-mt-1_44.dll
0x76c60000 - 0x76c88000 	C:\WINDOWS\system32\imagehlp.dll
0x77be0000 - 0x77c38000 	C:\WINDOWS\system32\msvcrt.dll
0x76bc0000 - 0x76bcb000 	C:\WINDOWS\system32\PSAPI.DLL
0x01ad0000 - 0x01adf000 	D:\MATLAB_installed\R2011b\bin\win32\icuio44.dll
0x01af0000 - 0x01b91000 	C:\WINDOWS\system32\dbghelp.dll
0x77bd0000 - 0x77bd8000 	C:\WINDOWS\system32\VERSION.dll
0x77d10000 - 0x77d9f000 	C:\WINDOWS\system32\USER32.dll
0x77ef0000 - 0x77f38000 	C:\WINDOWS\system32\GDI32.dll
0x754e0000 - 0x756bb000 	D:\MATLAB_installed\R2011b\bin\win32\libmwservices.dll
0x7db50000 - 0x7dbd2000 	D:\MATLAB_installed\R2011b\bin\win32\libmx.dll
0x73730000 - 0x73744000 	D:\MATLAB_installed\R2011b\bin\win32\zlib1.dll
0x7e800000 - 0x7e8f6000 	D:\MATLAB_installed\R2011b\bin\win32\libmwmathutil.dll
0x7df40000 - 0x7df76000 	D:\MATLAB_installed\R2011b\bin\win32\mpath.dll
0x72990000 - 0x72ccd000 	D:\MATLAB_installed\R2011b\bin\win32\mlutil.dll
0x7d670000 - 0x7d6cc000 	D:\MATLAB_installed\R2011b\bin\win32\xmlcore.dll
0x71cf0000 - 0x71ea2000 	D:\MATLAB_installed\R2011b\bin\win32\xerces-c_2_7.dll
0x71a20000 - 0x71a37000 	C:\WINDOWS\system32\WS2_32.dll
0x71a10000 - 0x71a18000 	C:\WINDOWS\system32\WS2HELP.dll
0x01c20000 - 0x01c31000 	D:\MATLAB_installed\R2011b\bin\win32\libmwsettings_res.dll
0x01c50000 - 0x01c89000 	D:\MATLAB_installed\R2011b\bin\win32\boost_serialization-vc90-mt-1_44.dll
0x01ca0000 - 0x01cd3000 	D:\MATLAB_installed\R2011b\bin\win32\tbb.dll
0x01cf0000 - 0x024e3000 	C:\WINDOWS\system32\SHELL32.dll
0x77f40000 - 0x77fb6000 	C:\WINDOWS\system32\SHLWAPI.dll
0x024f0000 - 0x0258a000 	C:\WINDOWS\system32\COMCTL32.dll
0x76320000 - 0x76367000 	C:\WINDOWS\system32\COMDLG32.dll
0x02590000 - 0x025e4000 	C:\WINDOWS\system32\NETAPI32.dll
0x76990000 - 0x76acd000 	C:\WINDOWS\system32\ole32.dll
0x770f0000 - 0x7717b000 	C:\WINDOWS\system32\OLEAUT32.dll
0x7f270000 - 0x7f300000 	D:\MATLAB_installed\R2011b\bin\win32\mcr.dll
0x02600000 - 0x02875000 	D:\MATLAB_installed\R2011b\bin\win32\iqm.dll
0x7b920000 - 0x7bdf1000 	D:\MATLAB_installed\R2011b\bin\win32\m_interpreter.dll
0x028a0000 - 0x028b1000 	D:\MATLAB_installed\R2011b\bin\win32\libmex.dll
0x7f630000 - 0x7f6a8000 	D:\MATLAB_installed\R2011b\bin\win32\m_dispatcher.dll
0x7f130000 - 0x7f1ec000 	D:\MATLAB_installed\R2011b\bin\win32\boost_regex-vc90-mt-1_44.dll
0x7d8b0000 - 0x7d90c000 	D:\MATLAB_installed\R2011b\bin\win32\profiler.dll
0x734f0000 - 0x73517000 	D:\MATLAB_installed\R2011b\bin\win32\libmwmathrng.dll
0x7c390000 - 0x7c426000 	D:\MATLAB_installed\R2011b\bin\win32\libmwmathcore.dll
0x7e000000 - 0x7e04b000 	D:\MATLAB_installed\R2011b\bin\win32\libmwspmatrix.dll
0x7dbf0000 - 0x7dc3b000 	D:\MATLAB_installed\R2011b\bin\win32\libmwcholmod.dll
0x02940000 - 0x0294b000 	D:\MATLAB_installed\R2011b\bin\win32\libmwamd.dll
0x73e80000 - 0x73e8a000 	D:\MATLAB_installed\R2011b\bin\win32\libmwcolamd.dll
0x02970000 - 0x02981000 	D:\MATLAB_installed\R2011b\bin\win32\libmwblas.dll
0x029a0000 - 0x029ae000 	D:\MATLAB_installed\R2011b\bin\win32\libmwbinder.dll
0x73ea0000 - 0x73ea9000 	D:\MATLAB_installed\R2011b\bin\win32\libmwompwrapper.dll
0x029d0000 - 0x02a08000 	D:\MATLAB_installed\R2011b\bin\win32\libmwlapack.dll
0x73bf0000 - 0x73c05000 	D:\MATLAB_installed\R2011b\bin\win32\m_pcodeio.dll
0x7e080000 - 0x7e0ca000 	D:\MATLAB_installed\R2011b\bin\win32\m_ir.dll
0x70000000 - 0x7052c000 	D:\MATLAB_installed\R2011b\bin\win32\m_parser.dll
0x02a50000 - 0x02a62000 	D:\MATLAB_installed\R2011b\bin\win32\ir_xfmr.dll
0x72390000 - 0x7252f000 	D:\MATLAB_installed\R2011b\bin\win32\mcos.dll
0x73e90000 - 0x73e9a000 	D:\MATLAB_installed\R2011b\bin\win32\mtok.dll
0x02aa0000 - 0x02ac4000 	D:\MATLAB_installed\R2011b\bin\win32\m_pcodegen.dll
0x7e1c0000 - 0x7e1e7000 	D:\MATLAB_installed\R2011b\bin\win32\libmwbridge.dll
0x7f390000 - 0x7f421000 	D:\MATLAB_installed\R2011b\bin\win32\udd.dll
0x7e6f0000 - 0x7e7f6000 	D:\MATLAB_installed\R2011b\bin\win32\libmwgui.dll
0x73c10000 - 0x73c22000 	D:\MATLAB_installed\R2011b\bin\win32\graphics_util.dll
0x02b20000 - 0x0316a000 	D:\MATLAB_installed\R2011b\bin\win32\hg.dll
0x03180000 - 0x031bd000 	D:\MATLAB_installed\R2011b\bin\win32\libmat.dll
0x75d10000 - 0x75ef5000 	D:\MATLAB_installed\R2011b\bin\win32\hdf5dll.dll
0x7d9d0000 - 0x7da34000 	D:\MATLAB_installed\R2011b\bin\win32\jmi.dll
0x031f0000 - 0x031fb000 	D:\MATLAB_installed\R2011b\bin\win32\nativejava_services.dll
0x732b0000 - 0x732e1000 	D:\MATLAB_installed\R2011b\bin\win32\libmwhardcopy.dll
0x7de70000 - 0x7deb4000 	D:\MATLAB_installed\R2011b\bin\win32\libuij.dll
0x03230000 - 0x03383000 	D:\MATLAB_installed\R2011b\bin\win32\hgdatatypes.dll
0x7d2e0000 - 0x7d382000 	D:\MATLAB_installed\R2011b\bin\win32\hgutils.dll
0x033b0000 - 0x03436000 	D:\MATLAB_installed\R2011b\bin\win32\udd_mi.dll
0x74dc0000 - 0x75056000 	D:\MATLAB_installed\R2011b\bin\win32\uiw.dll
0x73ee0000 - 0x73eed000 	D:\MATLAB_installed\R2011b\bin\win32\uinone.dll
0x71a90000 - 0x71aa2000 	C:\WINDOWS\system32\MPR.dll
0x785e0000 - 0x7897d000 	C:\WINDOWS\WinSxS\x86_Microsoft.VC90.MFC_1fc8b3b9a1e18e3b_9.0.30729.6161_x-ww_028bc148\mfc90.dll
0x762f0000 - 0x762f5000 	C:\WINDOWS\system32\MSIMG32.dll
0x03470000 - 0x03496000 	C:\WINDOWS\system32\WINSPOOL.DRV
0x73710000 - 0x73728000 	D:\MATLAB_installed\R2011b\bin\win32\mwoles05.DLL
0x7dc40000 - 0x7dc8f000 	D:\MATLAB_installed\R2011b\bin\win32\comcli.dll
0x78e20000 - 0x78e4b000 	C:\WINDOWS\WinSxS\x86_Microsoft.VC90.ATL_1fc8b3b9a1e18e3b_9.0.30729.6161_x-ww_92453bb7\ATL90.DLL
0x034c0000 - 0x034c9000 	D:\MATLAB_installed\R2011b\bin\win32\mlautoregister.dll
0x034e0000 - 0x034ed000 	D:\MATLAB_installed\R2011b\bin\win32\boost_iostreams-vc90-mt-1_44.dll
0x76300000 - 0x7631d000 	C:\WINDOWS\system32\IMM32.DLL
0x03a30000 - 0x03a39000 	C:\WINDOWS\system32\LPK.DLL
0x73fa0000 - 0x7400b000 	C:\WINDOWS\system32\USP10.dll
0x77180000 - 0x77283000 	C:\WINDOWS\WinSxS\x86_Microsoft.Windows.Common-Controls_6595b64144ccf1df_6.0.2600.3744_x-ww_d9c64cc6\comctl32.dll
0x04080000 - 0x040b7000 	C:\WINDOWS\system32\UxTheme.dll
0x03e60000 - 0x03e69000 	C:\WINDOWS\WinSxS\x86_Microsoft.VC90.MFCLOC_1fc8b3b9a1e18e3b_9.0.30729.6161_x-ww_730c3508\MFC90CHS.DLL
0x040f0000 - 0x0410d000 	D:\MATLAB_installed\R2011b\bin\win32\tbbmalloc.dll
0x04120000 - 0x041d1000 	C:\Program Files\360\360Safe\safemon\safemon.dll
0x76680000 - 0x76724000 	C:\WINDOWS\system32\WININET.dll
0x765e0000 - 0x76673000 	C:\WINDOWS\system32\CRYPT32.dll
0x76db0000 - 0x76dc2000 	C:\WINDOWS\system32\MSASN1.dll
0x74680000 - 0x746cb000 	C:\WINDOWS\system32\MSCTF.dll
0x73640000 - 0x7366e000 	C:\WINDOWS\system32\msctfime.ime
0x76d30000 - 0x76d48000 	C:\WINDOWS\system32\iphlpapi.dll
0x741f0000 - 0x741f4000 	C:\WINDOWS\system32\icmp.Dll
0x74b30000 - 0x74dbb000 	D:\MATLAB_installed\R2011b\sys\java\jre\win32\jre\bin\client\jvm.dll
0x76b10000 - 0x76b3a000 	C:\WINDOWS\system32\WINMM.dll
0x7d910000 - 0x7d966000 	D:\MATLAB_installed\R2011b\bin\win32\MSVCR71.dll
0x044f0000 - 0x044fc000 	D:\MATLAB_installed\R2011b\sys\java\jre\win32\jre\bin\verify.dll
0x73570000 - 0x7358f000 	D:\MATLAB_installed\R2011b\sys\java\jre\win32\jre\bin\java.dll
0x73f40000 - 0x73f48000 	D:\MATLAB_installed\R2011b\sys\java\jre\win32\jre\bin\hpi.dll
0x04530000 - 0x0453f000 	D:\MATLAB_installed\R2011b\sys\java\jre\win32\jre\bin\zip.dll
0x7daf0000 - 0x7db44000 	D:\MATLAB_installed\R2011b\sys\java\jre\win32\jre\bin\fontmanager.dll
0x0b5d0000 - 0x0b71a000 	D:\MATLAB_installed\R2011b\sys\java\jre\win32\jre\bin\awt.dll
0x73220000 - 0x7328f000 	D:\MATLAB_installed\R2011b\bin\win32\nativejmi.dll
0x0c5a0000 - 0x0c5a8000 	D:\MATLAB_installed\R2011b\bin\win32\nativeservices.dll
0x73f30000 - 0x73f3d000 	D:\MATLAB_installed\R2011b\bin\win32\nativelmgr.dll
0x0c5d0000 - 0x0c5d8000 	D:\MATLAB_installed\R2011b\sys\java\jre\win32\jre\bin\sunmscapi.dll
0x0c5e0000 - 0x0c5f3000 	D:\MATLAB_installed\R2011b\bin\win32\nativejava.dll

VM Arguments:
jvm_args: -Xss512k -XX:PermSize=32m -Xms64m -XX:NewRatio=3 -XX:MaxPermSize=64m -Xmx128m -XX:MaxDirectMemorySize=1200000000 -Dsun.java2d.noddraw=true -Dsun.awt.nopixfmt=true -Xshare:off -Xrs -Dsun.awt.disableMixing=true -Djava.library.path=D:\MATLAB_installed\R2011b\bin\win32 vfprintf abort 
java_command: <unknown>
Launcher Type: generic

Environment Variables:
PATH=C:\CTeX\LOCALT~1\ty\bin;C:\CTeX\LOCALT~1\cct\bin;C:\CTeX\texmf\miktex\bin;C:\CTeX\gs\gs8.51\bin;C:\CTeX\WinEdt;C:\WINDOWS\system32;C:\WINDOWS;C:\WINDOWS\System32\Wbem;C:\Program Files\Intel\Wireless\Bin\;C:\Program Files\ThinkPad\ConnectUtilities;C:\Program Files\Common Files\Thunder Network\KanKan\Codecs;d:\MATLAB_installed\R2011b\runtime\win32;d:\MATLAB_installed\R2011b\bin;C:\Program Files\SSH Communications Security\SSH Secure Shell;C:\Program Files\IDM Computer Solutions\UltraEdit;C:\Program Files\StormII\Codec;C:\Program Files\StormII
USERNAME=IBM
OS=Windows_NT
PROCESSOR_IDENTIFIER=x86 Family 6 Model 14 Stepping 12, GenuineIntel



---------------  S Y S T E M  ---------------

OS: Windows XP Build 2600 Service Pack 2

CPU:total 2 (2 cores per cpu, 1 threads per core) family 6 model 14 stepping 12, cmov, cx8, fxsr, mmx, sse, sse2, sse3

Memory: 4k page, physical 2611628k(1950724k free), swap 4194303k(4194303k free)

vm_info: Java HotSpot(TM) Client VM (14.3-b01) for windows-x86 JRE (1.6.0_17-b04), built on Oct 11 2009 00:52:06 by "java_re" with MS VC++ 7.1

time: Thu Oct 17 13:40:09 2013
elapsed time: 531286 seconds

